<?xml version="1.0" encoding="UTF-8"?>
<coverage generated="1779175282364" clover="3.2.0">
  <project timestamp="1779175282364" name="All files">
    <metrics statements="32" coveredstatements="32" conditionals="9" coveredconditionals="7" methods="6" coveredmethods="5" elements="47" coveredelements="44" complexity="0" loc="32" ncloc="32" packages="1" files="2" classes="2"/>
    <file name="auth-service.ts" path="C:\Users\methi\Downloads\hirerankers-workshop\questions-generator-ui\src\services\auth-service.ts">
      <metrics statements="19" coveredstatements="19" conditionals="7" coveredconditionals="5" methods="4" coveredmethods="3"/>
      <line num="1" count="1" type="stmt"/>
      <line num="3" count="1" type="stmt"/>
      <line num="14" count="5" type="stmt"/>
      <line num="15" count="5" type="stmt"/>
      <line num="21" count="5" type="stmt"/>
      <line num="23" count="5" type="stmt"/>
      <line num="25" count="7" type="cond" truecount="2" falsecount="0"/>
      <line num="26" count="3" type="stmt"/>
      <line num="27" count="3" type="cond" truecount="1" falsecount="1"/>
      <line num="28" count="3" type="cond" truecount="1" falsecount="1"/>
      <line num="31" count="2" type="cond" truecount="1" falsecount="0"/>
      <line num="32" count="2" type="stmt"/>
      <line num="33" count="2" type="stmt"/>
      <line num="36" count="1" type="stmt"/>
      <line num="37" count="3" type="stmt"/>
      <line num="38" count="3" type="stmt"/>
      <line num="41" count="1" type="stmt"/>
      <line num="42" count="2" type="stmt"/>
      <line num="43" count="2" type="stmt"/>
    </file>
    <file name="question.service.ts" path="C:\Users\methi\Downloads\hirerankers-workshop\questions-generator-ui\src\services\question.service.ts">
      <metrics statements="13" coveredstatements="13" conditionals="2" coveredconditionals="2" methods="2" coveredmethods="2"/>
      <line num="5" count="1" type="stmt"/>
      <line num="7" count="1" type="stmt"/>
      <line num="9" count="6" type="stmt"/>
      <line num="11" count="6" type="stmt"/>
      <line num="13" count="6" type="stmt"/>
      <line num="21" count="5" type="stmt"/>
      <line num="22" count="4" type="stmt"/>
      <line num="24" count="4" type="cond" truecount="2" falsecount="0"/>
      <line num="25" count="2" type="stmt"/>
      <line num="28" count="2" type="stmt"/>
      <line num="29" count="2" type="stmt"/>
      <line num="31" count="2" type="stmt"/>
      <line num="32" count="2" type="stmt"/>
    </file>
  </project>
</coverage>
