{"C:\\Users\\methi\\Downloads\\hirerankers-workshop\\questions-generator-ui\\src\\services\\auth-service.ts": {"path":"C:\\Users\\methi\\Downloads\\hirerankers-workshop\\questions-generator-ui\\src\\services\\auth-service.ts","statementMap":{"0":{"start":{"line":1,"column":13},"end":{"line":1,"column":90}},"1":{"start":{"line":3,"column":13},"end":{"line":6,"column":2}},"2":{"start":{"line":14,"column":2},"end":{"line":14,"column":48}},"3":{"start":{"line":15,"column":14},"end":{"line":19,"column":null}},"4":{"start":{"line":15,"column":8},"end":{"line":19,"column":null}},"5":{"start":{"line":21,"column":2},"end":{"line":21,"column":77}},"6":{"start":{"line":23,"column":8},"end":{"line":23,"column":31}},"7":{"start":{"line":25,"column":6},"end":{"line":25,"column":7}},"8":{"start":{"line":26,"column":17},"end":{"line":26,"column":null}},"9":{"start":{"line":26,"column":51},"end":{"line":26,"column":54}},"10":{"start":{"line":26,"column":10},"end":{"line":26,"column":null}},"11":{"start":{"line":27,"column":4},"end":{"line":27,"column":84}},"12":{"start":{"line":28,"column":4},"end":{"line":28,"column":72}},"13":{"start":{"line":31,"column":16},"end":{"line":31,"column":38}},"14":{"start":{"line":31,"column":8},"end":{"line":31,"column":null}},"15":{"start":{"line":32,"column":2},"end":{"line":32,"column":53}},"16":{"start":{"line":33,"column":2},"end":{"line":33,"column":14}},"17":{"start":{"line":37,"column":2},"end":{"line":37,"column":60}},"18":{"start":{"line":38,"column":2},"end":{"line":38,"column":70}},"19":{"start":{"line":36,"column":0},"end":{"line":36,"column":22}},"20":{"start":{"line":42,"column":2},"end":{"line":42,"column":69}},"21":{"start":{"line":43,"column":2},"end":{"line":43,"column":89}},"22":{"start":{"line":41,"column":0},"end":{"line":41,"column":22}}},"fnMap":{"0":{"name":"postJson","decl":{"start":{"line":13,"column":15},"end":{"line":13,"column":23}},"loc":{"start":{"line":13,"column":53},"end":{"line":34,"column":null}}},"1":{"name":"(anonymous_16)","decl":{"start":{"line":26,"column":45},"end":{"line":26,"column":51}},"loc":{"start":{"line":26,"column":45},"end":{"line":26,"column":53}}},"2":{"name":"loginUser","decl":{"start":{"line":36,"column":22},"end":{"line":36,"column":31}},"loc":{"start":{"line":36,"column":63},"end":{"line":39,"column":null}}},"3":{"name":"registerUser","decl":{"start":{"line":41,"column":22},"end":{"line":41,"column":34}},"loc":{"start":{"line":41,"column":80},"end":{"line":44,"column":null}}}},"branchMap":{"0":{"loc":{"start":{"line":31,"column":16},"end":{"line":31,"column":38}},"type":"switch","locations":[{"start":{"line":31,"column":16},"end":{"line":31,"column":38}}]},"1":{"loc":{"start":{"line":25,"column":6},"end":{"line":25,"column":7}},"type":"if","locations":[{"start":{"line":25,"column":6},"end":{"line":25,"column":7}},{"start":{},"end":{}}]},"2":{"loc":{"start":{"line":27,"column":52},"end":{"line":27,"column":82}},"type":"binary-expr","locations":[{"start":{"line":27,"column":52},"end":{"line":27,"column":56}},{"start":{"line":27,"column":60},"end":{"line":27,"column":82}}]},"3":{"loc":{"start":{"line":28,"column":20},"end":{"line":28,"column":70}},"type":"binary-expr","locations":[{"start":{"line":28,"column":20},"end":{"line":28,"column":24}},{"start":{"line":28,"column":28},"end":{"line":28,"column":70}}]}},"s":{"0":1,"1":1,"2":5,"3":5,"4":5,"5":5,"6":5,"7":7,"8":3,"9":0,"10":3,"11":3,"12":3,"13":2,"14":2,"15":2,"16":2,"17":3,"18":3,"19":1,"20":2,"21":2,"22":1},"f":{"0":5,"1":0,"2":3,"3":2},"b":{"0":[2],"1":[2,3],"2":[3,0],"3":[3,0]}}
,"C:\\Users\\methi\\Downloads\\hirerankers-workshop\\questions-generator-ui\\src\\services\\question.service.ts": {"path":"C:\\Users\\methi\\Downloads\\hirerankers-workshop\\questions-generator-ui\\src\\services\\question.service.ts","statementMap":{"0":{"start":{"line":5,"column":2},"end":{"line":5,"column":71}},"1":{"start":{"line":7,"column":39},"end":{"line":34,"column":2}},"2":{"start":{"line":9,"column":3},"end":{"line":34,"column":2}},"3":{"start":{"line":11,"column":4},"end":{"line":11,"column":64}},"4":{"start":{"line":13,"column":21},"end":{"line":19,"column":null}},"5":{"start":{"line":13,"column":10},"end":{"line":19,"column":null}},"6":{"start":{"line":21,"column":17},"end":{"line":21,"column":null}},"7":{"start":{"line":21,"column":10},"end":{"line":21,"column":null}},"8":{"start":{"line":22,"column":4},"end":{"line":22,"column":44}},"9":{"start":{"line":24,"column":4},"end":{"line":26,"column":null}},"10":{"start":{"line":25,"column":6},"end":{"line":25,"column":38}},"11":{"start":{"line":28,"column":4},"end":{"line":28,"column":68}},"12":{"start":{"line":29,"column":4},"end":{"line":29,"column":14}},"13":{"start":{"line":31,"column":4},"end":{"line":31,"column":47}},"14":{"start":{"line":32,"column":4},"end":{"line":32,"column":14}},"15":{"start":{"line":7,"column":13},"end":{"line":7,"column":39}}},"fnMap":{"0":{"name":"(anonymous_13)","decl":{"start":{"line":7,"column":39},"end":{"line":7,"column":null}},"loc":{"start":{"line":9,"column":3},"end":{"line":34,"column":2}}},"1":{"name":"(anonymous_14)","decl":{"start":{"line":9,"column":10},"end":{"line":9,"column":null}},"loc":{"start":{"line":9,"column":10},"end":{"line":34,"column":2}}}},"branchMap":{"0":{"loc":{"start":{"line":24,"column":4},"end":{"line":26,"column":null}},"type":"if","locations":[{"start":{"line":24,"column":4},"end":{"line":26,"column":null}},{"start":{},"end":{}}]}},"s":{"0":1,"1":1,"2":6,"3":6,"4":6,"5":6,"6":5,"7":5,"8":4,"9":4,"10":2,"11":2,"12":2,"13":2,"14":2,"15":1},"f":{"0":6,"1":6},"b":{"0":[2,2]}}
}
