TN:
SF:src\services\auth-service.ts
FN:13,postJson
FN:26,(anonymous_16)
FN:36,loginUser
FN:41,registerUser
FNF:4
FNH:3
FNDA:5,postJson
FNDA:0,(anonymous_16)
FNDA:3,loginUser
FNDA:2,registerUser
DA:1,1
DA:3,1
DA:14,5
DA:15,5
DA:21,5
DA:23,5
DA:25,7
DA:26,3
DA:27,3
DA:28,3
DA:31,2
DA:32,2
DA:33,2
DA:36,1
DA:37,3
DA:38,3
DA:41,1
DA:42,2
DA:43,2
LF:19
LH:19
BRDA:31,0,0,2
BRDA:25,1,0,2
BRDA:25,1,1,3
BRDA:27,2,0,3
BRDA:27,2,1,0
BRDA:28,3,0,3
BRDA:28,3,1,0
BRF:7
BRH:5
end_of_record
TN:
SF:src\services\question.service.ts
FN:7,(anonymous_13)
FN:9,(anonymous_14)
FNF:2
FNH:2
FNDA:6,(anonymous_13)
FNDA:6,(anonymous_14)
DA:5,1
DA:7,1
DA:9,6
DA:11,6
DA:13,6
DA:21,5
DA:22,4
DA:24,4
DA:25,2
DA:28,2
DA:29,2
DA:31,2
DA:32,2
LF:13
LH:13
BRDA:24,0,0,2
BRDA:24,0,1,2
BRF:2
BRH:2
end_of_record
